<?xml version="1.0" encoding="UTF-8"?>
<!-- Generated by org.testng.reporters.JUnitXMLReporter -->
<testsuite hostname="ONTASH-42" name="Test" tests="3" failures="1" timestamp="25 Mar 2014 06:09:02 GMT" time="4.151" errors="0">
  <testcase name="@BeforeTest setUp" time="0.0" classname="com.cafe.testcases.CafeLearnRegressionTest">
    <failure type="java.lang.RuntimeException" message="Could not contact Selenium Server; have you started it on &amp;apos;localhost:4444&amp;apos; ?
Read more at http://seleniumhq.org/projects/remote-control/not-started.html
Connection refused: connect">
      <![CDATA[java.lang.RuntimeException: Could not contact Selenium Server; have you started it on 'localhost:4444' ?
Read more at http://seleniumhq.org/projects/remote-control/not-started.html
Connection refused: connect
	at com.thoughtworks.selenium.DefaultSelenium.start(DefaultSelenium.java:104)
	at com.thoughtworks.selenium.SeleneseTestBase.setUp(SeleneseTestBase.java:134)
	at com.thoughtworks.selenium.SeleneseTestBase.setUp(SeleneseTestBase.java:103)
	at com.thoughtworks.selenium.SeleneseTestNgHelper.setUp(SeleneseTestNgHelper.java:47)
... Removed 22 stack frames]]>
    </failure>
  </testcase> <!-- @BeforeTest setUp -->
  <testcase name="AdminLogin(firefox)" time="0.001" classname="com.cafe.util.TestCase">
    <skipped/>
  </testcase> <!-- AdminLogin(firefox) -->
  <testcase name="AdminLogin(firefox)" time="0.0" classname="com.cafe.util.TestCase">
    <skipped/>
  </testcase> <!-- AdminLogin(firefox) -->
  <testcase name="AdminLogin(firefox)" time="1.01" classname="com.cafe.util.TestCase">
    <failure type="java.lang.AssertionError" message="error opening browser:">
      <![CDATA[java.lang.AssertionError: error opening browser:
	at com.cafe.util.TestUtility.openBrowser(TestUtility.java:903)
	at com.cafe.util.TestStep$2.call(TestStep.java:69)
	at com.cafe.util.TestStep$2.call(TestStep.java:1)
	at com.cafe.util.TestStep.doStep(TestStep.java:416)
	at com.cafe.util.TestCase.runTestCase(TestCase.java:49)
Caused by: java.lang.RuntimeException: Could not contact Selenium Server; have you started it on 'localhost:4444' ?
Read more at http://seleniumhq.org/projects/remote-control/not-started.html
Connection refused: connect
	at com.thoughtworks.selenium.DefaultSelenium.start(DefaultSelenium.java:104)
	at com.cafe.util.TestUtility.openBrowser(TestUtility.java:901)
	... 28 more
... Removed 25 stack frames]]>
    </failure>
  </testcase> <!-- AdminLogin(firefox) -->
</testsuite> <!-- Test -->
